2023-04-20 11:50:02,823 [Worker-6: Loading available Gradle versions] INFO  o.e.b.c.i.u.g.PublishedGradleVersions - Gradle version information cache is up-to-date. Trying to read.
2023-04-20 12:00:53,446 [Worker-12: Import Getting Started Content] INFO  o.e.m.c.i.l.LifecycleMappingFactory - Using org.eclipse.m2e.jdt.JarLifecycleMapping lifecycle mapping for MavenProject: IRC:day1:0.0.1-SNAPSHOT @ C:\Users\rammi\Desktop\sprinng irc\day1\pom.xml.
2023-04-20 12:00:54,435 [Worker-12: Import Getting Started Content] INFO  o.e.m.j.i.AbstractJavaProjectConfigurator - Adding source folder /day1/src/main/java
2023-04-20 12:00:54,436 [Worker-12: Import Getting Started Content] INFO  o.e.m.j.i.AbstractJavaProjectConfigurator - Adding resource folder /day1/src/main/resources
2023-04-20 12:00:54,440 [Worker-12: Import Getting Started Content] INFO  o.e.m.j.i.AbstractJavaProjectConfigurator - Adding resource folder /day1/src/main/resources
2023-04-20 12:00:54,443 [Worker-12: Import Getting Started Content] INFO  o.e.m.j.i.AbstractJavaProjectConfigurator - Adding source folder /day1/src/test/java
2023-04-20 12:00:55,665 [Worker-12: Import Getting Started Content] INFO  o.e.m.c.i.p.ProjectConfigurationManager - Imported and configured 1 project(s) in 3 sec
2023-04-20 12:00:55,669 [Worker-12: Import Getting Started Content] INFO  o.e.m.c.i.p.ProjectConfigurationManager - Update started
2023-04-20 12:00:55,992 [Worker-12: Import Getting Started Content] INFO  o.e.m.c.i.l.LifecycleMappingFactory - Using org.eclipse.m2e.jdt.JarLifecycleMapping lifecycle mapping for MavenProject: IRC:day1:0.0.1-SNAPSHOT @ C:\Users\rammi\Desktop\sprinng irc\day1\pom.xml.
2023-04-20 12:00:56,511 [Worker-12: Import Getting Started Content] INFO  o.e.m.j.i.AbstractJavaProjectConfigurator - Adding source folder /day1/src/main/java
2023-04-20 12:00:56,512 [Worker-12: Import Getting Started Content] INFO  o.e.m.j.i.AbstractJavaProjectConfigurator - Adding resource folder /day1/src/main/resources
2023-04-20 12:00:56,513 [Worker-12: Import Getting Started Content] INFO  o.e.m.j.i.AbstractJavaProjectConfigurator - Adding resource folder /day1/src/main/resources
2023-04-20 12:00:56,514 [Worker-12: Import Getting Started Content] INFO  o.e.m.j.i.AbstractJavaProjectConfigurator - Adding source folder /day1/src/test/java
2023-04-20 12:00:57,085 [Worker-12: Import Getting Started Content] INFO  o.e.m.c.i.p.ProjectConfigurationManager - Update completed for 1 poms: local refresh takes 0.00 sec, refresh facades takes 0.00 sec, update config takes 0.00 sec 
2023-04-20 14:37:11,846 [Worker-4: Loading available Gradle versions] INFO  o.e.b.c.i.u.g.PublishedGradleVersions - Gradle version information cache is up-to-date. Trying to read.
2023-04-20 14:45:36,625 [Worker-5: Loading available Gradle versions] INFO  o.e.b.c.i.u.g.PublishedGradleVersions - Gradle version information cache is up-to-date. Trying to read.
2023-04-20 14:52:44,503 [Worker-1: Loading available Gradle versions] INFO  o.e.b.c.i.u.g.PublishedGradleVersions - Gradle version information cache is up-to-date. Trying to read.
2023-04-21 12:54:13,584 [Worker-6: Loading available Gradle versions] INFO  o.e.b.c.i.u.g.PublishedGradleVersions - Gradle version information cache is up-to-date. Trying to read.
2023-04-21 12:55:36,449 [Worker-9: Import Getting Started Content] INFO  o.e.m.c.i.l.LifecycleMappingFactory - Using org.eclipse.m2e.jdt.JarLifecycleMapping lifecycle mapping for MavenProject: IRC:day1-1:0.0.1-SNAPSHOT @ C:\Users\rammi\Desktop\sprinng irc\day1-1\pom.xml.
2023-04-21 12:55:37,768 [Worker-9: Import Getting Started Content] INFO  o.e.m.j.i.AbstractJavaProjectConfigurator - Adding source folder /day1-1/src/main/java
2023-04-21 12:55:37,768 [Worker-9: Import Getting Started Content] INFO  o.e.m.j.i.AbstractJavaProjectConfigurator - Adding resource folder /day1-1/src/main/resources
2023-04-21 12:55:37,772 [Worker-9: Import Getting Started Content] INFO  o.e.m.j.i.AbstractJavaProjectConfigurator - Adding resource folder /day1-1/src/main/resources
2023-04-21 12:55:37,777 [Worker-9: Import Getting Started Content] INFO  o.e.m.j.i.AbstractJavaProjectConfigurator - Adding source folder /day1-1/src/test/java
2023-04-21 12:55:38,257 [Worker-9: Import Getting Started Content] INFO  o.e.m.c.i.p.ProjectConfigurationManager - Imported and configured 1 project(s) in 2 sec
2023-04-21 12:55:38,261 [Worker-9: Import Getting Started Content] INFO  o.e.m.c.i.p.ProjectConfigurationManager - Update started
2023-04-21 12:55:38,559 [Worker-9: Import Getting Started Content] INFO  o.e.m.c.i.l.LifecycleMappingFactory - Using org.eclipse.m2e.jdt.JarLifecycleMapping lifecycle mapping for MavenProject: IRC:day1-1:0.0.1-SNAPSHOT @ C:\Users\rammi\Desktop\sprinng irc\day1-1\pom.xml.
2023-04-21 12:55:39,308 [Worker-9: Import Getting Started Content] INFO  o.e.m.j.i.AbstractJavaProjectConfigurator - Adding source folder /day1-1/src/main/java
2023-04-21 12:55:39,309 [Worker-9: Import Getting Started Content] INFO  o.e.m.j.i.AbstractJavaProjectConfigurator - Adding resource folder /day1-1/src/main/resources
2023-04-21 12:55:39,310 [Worker-9: Import Getting Started Content] INFO  o.e.m.j.i.AbstractJavaProjectConfigurator - Adding resource folder /day1-1/src/main/resources
2023-04-21 12:55:39,311 [Worker-9: Import Getting Started Content] INFO  o.e.m.j.i.AbstractJavaProjectConfigurator - Adding source folder /day1-1/src/test/java
2023-04-21 12:55:39,881 [Worker-9: Import Getting Started Content] INFO  o.e.m.c.i.p.ProjectConfigurationManager - Update completed for 1 poms: local refresh takes 0.00 sec, refresh facades takes 1.00 sec, update config takes 0.00 sec 
2023-04-21 12:55:41,176 [Worker-1: Building] INFO  o.a.m.s.f.DefaultMavenResourcesFiltering - Copying 1 resource
2023-04-21 12:55:41,197 [Worker-1: Building] INFO  o.a.m.s.f.DefaultMavenResourcesFiltering - Copying 0 resource
2023-04-21 12:55:41,202 [Worker-1: Building] INFO  o.a.m.s.f.DefaultMavenResourcesFiltering - skip non existing resourceDirectory C:\Users\rammi\Desktop\sprinng irc\day1\src\test\resources
2023-04-21 13:00:02,100 [Worker-11: Building] INFO  o.e.m.c.i.l.LifecycleMappingFactory - Using org.eclipse.m2e.jdt.JarLifecycleMapping lifecycle mapping for MavenProject: IRC:day1-1:0.0.1-SNAPSHOT @ C:\Users\rammi\Desktop\sprinng irc\day1-1\pom.xml.
2023-04-21 13:00:02,828 [Worker-11: Building] INFO  o.a.m.s.f.DefaultMavenResourcesFiltering - Copying 0 resource
2023-04-21 13:00:02,828 [Worker-11: Building] INFO  o.a.m.s.f.DefaultMavenResourcesFiltering - Copying 0 resource
2023-04-21 13:00:02,835 [Worker-11: Building] INFO  o.a.m.s.f.DefaultMavenResourcesFiltering - skip non existing resourceDirectory C:\Users\rammi\Desktop\sprinng irc\day1-1\src\test\resources
2023-04-21 13:00:03,368 [Worker-11: Updating Maven Project] INFO  o.e.m.c.i.p.ProjectConfigurationManager - Update started
2023-04-21 13:00:03,692 [Worker-11: Updating Maven Project] INFO  o.e.m.c.i.l.LifecycleMappingFactory - Using org.eclipse.m2e.jdt.JarLifecycleMapping lifecycle mapping for MavenProject: IRC:day1-1:0.0.1-SNAPSHOT @ C:\Users\rammi\Desktop\sprinng irc\day1-1\pom.xml.
2023-04-21 13:00:04,366 [Worker-11: Updating Maven Project] INFO  o.e.m.j.i.AbstractJavaProjectConfigurator - Adding source folder /day1-1/src/main/java
2023-04-21 13:00:04,367 [Worker-11: Updating Maven Project] INFO  o.e.m.j.i.AbstractJavaProjectConfigurator - Adding resource folder /day1-1/src/main/resources
2023-04-21 13:00:04,367 [Worker-11: Updating Maven Project] INFO  o.e.m.j.i.AbstractJavaProjectConfigurator - Adding resource folder /day1-1/src/main/resources
2023-04-21 13:00:04,368 [Worker-11: Updating Maven Project] INFO  o.e.m.j.i.AbstractJavaProjectConfigurator - Adding source folder /day1-1/src/test/java
2023-04-21 13:00:04,782 [Worker-11: Updating Maven Project] INFO  o.e.m.c.i.p.ProjectConfigurationManager - Update completed for 1 poms: local refresh takes 0.00 sec, refresh facades takes 0.00 sec, update config takes 0.00 sec 
2023-04-21 15:05:30,001 [main] INFO  o.e.m2e.actions.ExecutePomAction - Creating new launch configuration
2023-04-21 15:06:26,701 [Worker-21: Launching day1-1] INFO  o.eclipse.m2e.core.internal.Bundles - getClasspathEntries(Bundle=org.eclipse.m2e.maven.runtime_3.8.604.20221130-2149 [345])
2023-04-21 15:06:26,705 [Worker-21: Launching day1-1] INFO  o.eclipse.m2e.core.internal.Bundles - 	Entry: D:\sts-4.17.2.RELEASE\plugins\org.eclipse.m2e.maven.runtime_3.8.604.20221130-2149
2023-04-21 15:06:26,706 [Worker-21: Launching day1-1] INFO  o.eclipse.m2e.core.internal.Bundles - 	Entry: D:\sts-4.17.2.RELEASE\plugins\org.eclipse.m2e.maven.runtime_3.8.604.20221130-2149\jars\aether-connector-okhttp-0.17.8.jar
2023-04-21 15:06:26,706 [Worker-21: Launching day1-1] INFO  o.eclipse.m2e.core.internal.Bundles - 	Entry: D:\sts-4.17.2.RELEASE\plugins\org.eclipse.m2e.maven.runtime_3.8.604.20221130-2149\jars\commons-cli-1.4.jar
2023-04-21 15:06:26,706 [Worker-21: Launching day1-1] INFO  o.eclipse.m2e.core.internal.Bundles - 	Entry: D:\sts-4.17.2.RELEASE\plugins\org.eclipse.m2e.maven.runtime_3.8.604.20221130-2149\jars\commons-io-2.6.jar
2023-04-21 15:06:26,706 [Worker-21: Launching day1-1] INFO  o.eclipse.m2e.core.internal.Bundles - 	Entry: D:\sts-4.17.2.RELEASE\plugins\org.eclipse.m2e.maven.runtime_3.8.604.20221130-2149\jars\commons-lang3-3.8.1.jar
2023-04-21 15:06:26,706 [Worker-21: Launching day1-1] INFO  o.eclipse.m2e.core.internal.Bundles - 	Entry: D:\sts-4.17.2.RELEASE\plugins\org.eclipse.m2e.maven.runtime_3.8.604.20221130-2149\jars\guice-4.2.2-no_aop.jar
2023-04-21 15:06:26,706 [Worker-21: Launching day1-1] INFO  o.eclipse.m2e.core.internal.Bundles - 	Entry: D:\sts-4.17.2.RELEASE\plugins\org.eclipse.m2e.maven.runtime_3.8.604.20221130-2149\jars\jansi-2.4.0.jar
2023-04-21 15:06:26,706 [Worker-21: Launching day1-1] INFO  o.eclipse.m2e.core.internal.Bundles - 	Entry: D:\sts-4.17.2.RELEASE\plugins\org.eclipse.m2e.maven.runtime_3.8.604.20221130-2149\jars\maven-artifact-3.8.6.jar
2023-04-21 15:06:26,707 [Worker-21: Launching day1-1] INFO  o.eclipse.m2e.core.internal.Bundles - 	Entry: D:\sts-4.17.2.RELEASE\plugins\org.eclipse.m2e.maven.runtime_3.8.604.20221130-2149\jars\maven-builder-support-3.8.6.jar
2023-04-21 15:06:26,707 [Worker-21: Launching day1-1] INFO  o.eclipse.m2e.core.internal.Bundles - 	Entry: D:\sts-4.17.2.RELEASE\plugins\org.eclipse.m2e.maven.runtime_3.8.604.20221130-2149\jars\maven-compat-3.8.6.jar
2023-04-21 15:06:26,707 [Worker-21: Launching day1-1] INFO  o.eclipse.m2e.core.internal.Bundles - 	Entry: D:\sts-4.17.2.RELEASE\plugins\org.eclipse.m2e.maven.runtime_3.8.604.20221130-2149\jars\maven-core-3.8.6.jar
2023-04-21 15:06:26,707 [Worker-21: Launching day1-1] INFO  o.eclipse.m2e.core.internal.Bundles - 	Entry: D:\sts-4.17.2.RELEASE\plugins\org.eclipse.m2e.maven.runtime_3.8.604.20221130-2149\jars\maven-embedder-3.8.6.jar
2023-04-21 15:06:26,707 [Worker-21: Launching day1-1] INFO  o.eclipse.m2e.core.internal.Bundles - 	Entry: D:\sts-4.17.2.RELEASE\plugins\org.eclipse.m2e.maven.runtime_3.8.604.20221130-2149\jars\maven-model-3.8.6.jar
2023-04-21 15:06:26,707 [Worker-21: Launching day1-1] INFO  o.eclipse.m2e.core.internal.Bundles - 	Entry: D:\sts-4.17.2.RELEASE\plugins\org.eclipse.m2e.maven.runtime_3.8.604.20221130-2149\jars\maven-model-builder-3.8.6.jar
2023-04-21 15:06:26,707 [Worker-21: Launching day1-1] INFO  o.eclipse.m2e.core.internal.Bundles - 	Entry: D:\sts-4.17.2.RELEASE\plugins\org.eclipse.m2e.maven.runtime_3.8.604.20221130-2149\jars\maven-plugin-api-3.8.6.jar
2023-04-21 15:06:26,707 [Worker-21: Launching day1-1] INFO  o.eclipse.m2e.core.internal.Bundles - 	Entry: D:\sts-4.17.2.RELEASE\plugins\org.eclipse.m2e.maven.runtime_3.8.604.20221130-2149\jars\maven-repository-metadata-3.8.6.jar
2023-04-21 15:06:26,707 [Worker-21: Launching day1-1] INFO  o.eclipse.m2e.core.internal.Bundles - 	Entry: D:\sts-4.17.2.RELEASE\plugins\org.eclipse.m2e.maven.runtime_3.8.604.20221130-2149\jars\maven-resolver-api-1.6.3.jar
2023-04-21 15:06:26,707 [Worker-21: Launching day1-1] INFO  o.eclipse.m2e.core.internal.Bundles - 	Entry: D:\sts-4.17.2.RELEASE\plugins\org.eclipse.m2e.maven.runtime_3.8.604.20221130-2149\jars\maven-resolver-connector-basic-1.6.3.jar
2023-04-21 15:06:26,707 [Worker-21: Launching day1-1] INFO  o.eclipse.m2e.core.internal.Bundles - 	Entry: D:\sts-4.17.2.RELEASE\plugins\org.eclipse.m2e.maven.runtime_3.8.604.20221130-2149\jars\maven-resolver-impl-1.6.3.jar
2023-04-21 15:06:26,707 [Worker-21: Launching day1-1] INFO  o.eclipse.m2e.core.internal.Bundles - 	Entry: D:\sts-4.17.2.RELEASE\plugins\org.eclipse.m2e.maven.runtime_3.8.604.20221130-2149\jars\maven-resolver-provider-3.8.6.jar
2023-04-21 15:06:26,707 [Worker-21: Launching day1-1] INFO  o.eclipse.m2e.core.internal.Bundles - 	Entry: D:\sts-4.17.2.RELEASE\plugins\org.eclipse.m2e.maven.runtime_3.8.604.20221130-2149\jars\maven-resolver-spi-1.6.3.jar
2023-04-21 15:06:26,707 [Worker-21: Launching day1-1] INFO  o.eclipse.m2e.core.internal.Bundles - 	Entry: D:\sts-4.17.2.RELEASE\plugins\org.eclipse.m2e.maven.runtime_3.8.604.20221130-2149\jars\maven-resolver-transport-wagon-1.6.3.jar
2023-04-21 15:06:26,708 [Worker-21: Launching day1-1] INFO  o.eclipse.m2e.core.internal.Bundles - 	Entry: D:\sts-4.17.2.RELEASE\plugins\org.eclipse.m2e.maven.runtime_3.8.604.20221130-2149\jars\maven-resolver-util-1.6.3.jar
2023-04-21 15:06:26,708 [Worker-21: Launching day1-1] INFO  o.eclipse.m2e.core.internal.Bundles - 	Entry: D:\sts-4.17.2.RELEASE\plugins\org.eclipse.m2e.maven.runtime_3.8.604.20221130-2149\jars\maven-settings-3.8.6.jar
2023-04-21 15:06:26,708 [Worker-21: Launching day1-1] INFO  o.eclipse.m2e.core.internal.Bundles - 	Entry: D:\sts-4.17.2.RELEASE\plugins\org.eclipse.m2e.maven.runtime_3.8.604.20221130-2149\jars\maven-settings-builder-3.8.6.jar
2023-04-21 15:06:26,708 [Worker-21: Launching day1-1] INFO  o.eclipse.m2e.core.internal.Bundles - 	Entry: D:\sts-4.17.2.RELEASE\plugins\org.eclipse.m2e.maven.runtime_3.8.604.20221130-2149\jars\maven-shared-utils-3.3.4.jar
2023-04-21 15:06:26,708 [Worker-21: Launching day1-1] INFO  o.eclipse.m2e.core.internal.Bundles - 	Entry: D:\sts-4.17.2.RELEASE\plugins\org.eclipse.m2e.maven.runtime_3.8.604.20221130-2149\jars\okhttp-3.14.1.jar
2023-04-21 15:06:26,708 [Worker-21: Launching day1-1] INFO  o.eclipse.m2e.core.internal.Bundles - 	Entry: D:\sts-4.17.2.RELEASE\plugins\org.eclipse.m2e.maven.runtime_3.8.604.20221130-2149\jars\okio-1.17.3.jar
2023-04-21 15:06:26,708 [Worker-21: Launching day1-1] INFO  o.eclipse.m2e.core.internal.Bundles - 	Entry: D:\sts-4.17.2.RELEASE\plugins\org.eclipse.m2e.maven.runtime_3.8.604.20221130-2149\jars\org.eclipse.sisu.inject-0.3.5.jar
2023-04-21 15:06:26,708 [Worker-21: Launching day1-1] INFO  o.eclipse.m2e.core.internal.Bundles - 	Entry: D:\sts-4.17.2.RELEASE\plugins\org.eclipse.m2e.maven.runtime_3.8.604.20221130-2149\jars\org.eclipse.sisu.plexus-0.3.5.jar
2023-04-21 15:06:26,708 [Worker-21: Launching day1-1] INFO  o.eclipse.m2e.core.internal.Bundles - 	Entry: D:\sts-4.17.2.RELEASE\plugins\org.eclipse.m2e.maven.runtime_3.8.604.20221130-2149\jars\plexus-build-api-0.0.7.jar
2023-04-21 15:06:26,708 [Worker-21: Launching day1-1] INFO  o.eclipse.m2e.core.internal.Bundles - 	Entry: D:\sts-4.17.2.RELEASE\plugins\org.eclipse.m2e.maven.runtime_3.8.604.20221130-2149\jars\plexus-cipher-2.0.jar
2023-04-21 15:06:26,708 [Worker-21: Launching day1-1] INFO  o.eclipse.m2e.core.internal.Bundles - 	Entry: D:\sts-4.17.2.RELEASE\plugins\org.eclipse.m2e.maven.runtime_3.8.604.20221130-2149\jars\plexus-classworlds-2.6.0.jar
2023-04-21 15:06:26,708 [Worker-21: Launching day1-1] INFO  o.eclipse.m2e.core.internal.Bundles - 	Entry: D:\sts-4.17.2.RELEASE\plugins\org.eclipse.m2e.maven.runtime_3.8.604.20221130-2149\jars\plexus-component-annotations-2.1.0.jar
2023-04-21 15:06:26,709 [Worker-21: Launching day1-1] INFO  o.eclipse.m2e.core.internal.Bundles - 	Entry: D:\sts-4.17.2.RELEASE\plugins\org.eclipse.m2e.maven.runtime_3.8.604.20221130-2149\jars\plexus-interpolation-1.26.jar
2023-04-21 15:06:26,709 [Worker-21: Launching day1-1] INFO  o.eclipse.m2e.core.internal.Bundles - 	Entry: D:\sts-4.17.2.RELEASE\plugins\org.eclipse.m2e.maven.runtime_3.8.604.20221130-2149\jars\plexus-sec-dispatcher-2.0.jar
2023-04-21 15:06:26,709 [Worker-21: Launching day1-1] INFO  o.eclipse.m2e.core.internal.Bundles - 	Entry: D:\sts-4.17.2.RELEASE\plugins\org.eclipse.m2e.maven.runtime_3.8.604.20221130-2149\jars\plexus-utils-3.3.1.jar
2023-04-21 15:06:26,709 [Worker-21: Launching day1-1] INFO  o.eclipse.m2e.core.internal.Bundles - 	Entry: D:\sts-4.17.2.RELEASE\plugins\org.eclipse.m2e.maven.runtime_3.8.604.20221130-2149\jars\wagon-file-3.5.1.jar
2023-04-21 15:06:26,709 [Worker-21: Launching day1-1] INFO  o.eclipse.m2e.core.internal.Bundles - 	Entry: D:\sts-4.17.2.RELEASE\plugins\org.eclipse.m2e.maven.runtime_3.8.604.20221130-2149\jars\wagon-provider-api-3.5.1.jar
2023-04-21 15:06:26,710 [Worker-21: Launching day1-1] INFO  o.eclipse.m2e.core.internal.Bundles - getClasspathEntries(Bundle=com.google.guava_30.1.0.v20221112-0806 [22])
2023-04-21 15:06:26,712 [Worker-21: Launching day1-1] INFO  o.eclipse.m2e.core.internal.Bundles - 	Entry: D:\sts-4.17.2.RELEASE\plugins\com.google.guava_30.1.0.v20221112-0806.jar
2023-04-21 15:06:26,713 [Worker-21: Launching day1-1] INFO  o.eclipse.m2e.core.internal.Bundles - getClasspathEntries(Bundle=slf4j.api_1.7.36 [584])
2023-04-21 15:06:26,714 [Worker-21: Launching day1-1] INFO  o.eclipse.m2e.core.internal.Bundles - 	Entry: D:\sts-4.17.2.RELEASE\plugins\slf4j.api_1.7.36.jar
2023-04-21 15:06:26,714 [Worker-21: Launching day1-1] INFO  o.eclipse.m2e.core.internal.Bundles - getClasspathEntries(Bundle=javax.inject_1.0.0.v20220405-0441 [49])
2023-04-21 15:06:26,716 [Worker-21: Launching day1-1] INFO  o.eclipse.m2e.core.internal.Bundles - 	Entry: D:\sts-4.17.2.RELEASE\plugins\javax.inject_1.0.0.v20220405-0441.jar
2023-04-21 15:06:26,716 [Worker-21: Launching day1-1] INFO  o.eclipse.m2e.core.internal.Bundles - getClasspathEntries(Bundle=javax.annotation_1.3.5.v20221112-0806 [47])
2023-04-21 15:06:26,718 [Worker-21: Launching day1-1] INFO  o.eclipse.m2e.core.internal.Bundles - 	Entry: D:\sts-4.17.2.RELEASE\plugins\javax.annotation_1.3.5.v20221112-0806.jar
2023-04-21 15:06:26,722 [Worker-21: Launching day1-1] INFO  o.e.m.i.launch.MavenLaunchDelegate - Run build in "C:\Users\rammi\Desktop\sprinng irc\day1-1":
2023-04-21 15:06:26,723 [Worker-21: Launching day1-1] INFO  o.e.m.i.launch.MavenLaunchDelegate -  mvn  -Ppom.xml -B -Dstyle.color=always clean instal
2023-04-21 15:07:05,732 [main] INFO  o.e.m2e.actions.ExecutePomAction - Creating new launch configuration
2023-04-21 15:07:20,751 [Worker-21: Launching day1] INFO  o.e.m.i.launch.MavenLaunchDelegate - Run build in "C:\Users\rammi\Desktop\sprinng irc\day1":
2023-04-21 15:07:20,751 [Worker-21: Launching day1] INFO  o.e.m.i.launch.MavenLaunchDelegate -  mvn  -Ppom.xml -B -Dstyle.color=always clean install
2023-04-21 15:08:21,500 [main] INFO  o.e.m2e.actions.ExecutePomAction - Using existing launch configuration
2023-04-21 15:08:21,561 [Worker-27: Launching day1] INFO  o.e.m.i.launch.MavenLaunchDelegate - Run build in "C:\Users\rammi\Desktop\sprinng irc\day1":
2023-04-21 15:08:21,561 [Worker-27: Launching day1] INFO  o.e.m.i.launch.MavenLaunchDelegate -  mvn  -Ppom.xml -B -Dstyle.color=always clean install
2023-04-24 10:06:31,109 [Worker-0: Loading available Gradle versions] INFO  o.e.b.c.i.u.g.PublishedGradleVersions - Gradle version information cache is out-of-date. Trying to update.
2023-04-24 10:23:04,081 [Worker-16: Building] INFO  o.a.m.s.f.DefaultMavenResourcesFiltering - Copying 1 resource
2023-04-24 10:23:04,106 [Worker-16: Building] INFO  o.a.m.s.f.DefaultMavenResourcesFiltering - Copying 0 resource
2023-04-24 10:23:04,111 [Worker-16: Building] INFO  o.a.m.s.f.DefaultMavenResourcesFiltering - skip non existing resourceDirectory C:\Users\rammi\Desktop\sprinng irc\day1-1\src\test\resources
